<?xml version="1.0" encoding="UTF-8"?>
<testsuite xmlns:xsi="http://www.w3.org/2001/XMLSchema-instance" xsi:noNamespaceSchemaLocation="https://maven.apache.org/surefire/maven-surefire-plugin/xsd/surefire-test-report-3.0.xsd" version="3.0" name="com.zrawberry.DemoTest" time="0.03" tests="1" errors="0" skipped="0" failures="0">
  <properties>
    <property name="sun.desktop" value="windows"/>
    <property name="awt.toolkit" value="sun.awt.windows.WToolkit"/>
    <property name="file.encoding.pkg" value="sun.io"/>
    <property name="java.specification.version" value="1.8"/>
    <property name="sun.cpu.isalist" value="amd64"/>
    <property name="sun.jnu.encoding" value="GBK"/>
    <property name="java.class.path" value="D:\CODE\Java\maven-learning\maven-project\project-240317\target\test-classes;D:\CODE\Java\maven-learning\maven-project\project-240317\target\classes;E:\Develop\Java\MavenPackages\junit\junit\4.12\junit-4.12.jar;E:\Develop\Java\MavenPackages\org\hamcrest\hamcrest-core\1.3\hamcrest-core-1.3.jar;"/>
    <property name="java.vm.vendor" value="Oracle Corporation"/>
    <property name="sun.arch.data.model" value="64"/>
    <property name="user.variant" value=""/>
    <property name="java.vendor.url" value="http://java.oracle.com/"/>
    <property name="user.timezone" value="Asia/Shanghai"/>
    <property name="java.vm.specification.version" value="1.8"/>
    <property name="os.name" value="Windows 10"/>
    <property name="user.country" value="CN"/>
    <property name="sun.java.launcher" value="SUN_STANDARD"/>
    <property name="sun.boot.library.path" value="E:\Develop\Java\jdk1.8.0_261\jre\bin"/>
    <property name="sun.java.command" value="C:\Users\FFFF\AppData\Local\Temp\surefire2805407193699311756\surefirebooter-20240317184020314_3.jar C:\Users\FFFF\AppData\Local\Temp\surefire2805407193699311756 2024-03-17T18-40-19_996-jvmRun1 surefire-20240317184020314_1tmp surefire_0-20240317184020314_2tmp"/>
    <property name="surefire.test.class.path" value="D:\CODE\Java\maven-learning\maven-project\project-240317\target\test-classes;D:\CODE\Java\maven-learning\maven-project\project-240317\target\classes;E:\Develop\Java\MavenPackages\junit\junit\4.12\junit-4.12.jar;E:\Develop\Java\MavenPackages\org\hamcrest\hamcrest-core\1.3\hamcrest-core-1.3.jar;"/>
    <property name="sun.cpu.endian" value="little"/>
    <property name="user.home" value="C:\Users\FFFF"/>
    <property name="user.language" value="zh"/>
    <property name="java.specification.vendor" value="Oracle Corporation"/>
    <property name="java.home" value="E:\Develop\Java\jdk1.8.0_261\jre"/>
    <property name="basedir" value="D:\CODE\Java\maven-learning\maven-project\project-240317"/>
    <property name="file.separator" value="\"/>
    <property name="line.separator" value="&#10;"/>
    <property name="java.vm.specification.vendor" value="Oracle Corporation"/>
    <property name="java.specification.name" value="Java Platform API Specification"/>
    <property name="java.awt.graphicsenv" value="sun.awt.Win32GraphicsEnvironment"/>
    <property name="surefire.real.class.path" value="C:\Users\FFFF\AppData\Local\Temp\surefire2805407193699311756\surefirebooter-20240317184020314_3.jar"/>
    <property name="sun.boot.class.path" value="E:\Develop\Java\jdk1.8.0_261\jre\lib\resources.jar;E:\Develop\Java\jdk1.8.0_261\jre\lib\rt.jar;E:\Develop\Java\jdk1.8.0_261\jre\lib\sunrsasign.jar;E:\Develop\Java\jdk1.8.0_261\jre\lib\jsse.jar;E:\Develop\Java\jdk1.8.0_261\jre\lib\jce.jar;E:\Develop\Java\jdk1.8.0_261\jre\lib\charsets.jar;E:\Develop\Java\jdk1.8.0_261\jre\lib\jfr.jar;E:\Develop\Java\jdk1.8.0_261\jre\classes"/>
    <property name="user.script" value=""/>
    <property name="sun.management.compiler" value="HotSpot 64-Bit Tiered Compilers"/>
    <property name="java.runtime.version" value="1.8.0_261-b12"/>
    <property name="user.name" value="FF&amp;FF"/>
    <property name="path.separator" value=";"/>
    <property name="os.version" value="10.0"/>
    <property name="java.endorsed.dirs" value="E:\Develop\Java\jdk1.8.0_261\jre\lib\endorsed"/>
    <property name="java.runtime.name" value="Java(TM) SE Runtime Environment"/>
    <property name="file.encoding" value="GBK"/>
    <property name="java.vm.name" value="Java HotSpot(TM) 64-Bit Server VM"/>
    <property name="localRepository" value="E:\Develop\Java\MavenPackages"/>
    <property name="java.vendor.url.bug" value="http://bugreport.sun.com/bugreport/"/>
    <property name="java.io.tmpdir" value="C:\Users\FFFF\AppData\Local\Temp\"/>
    <property name="idea.version" value="2023.3.5"/>
    <property name="java.version" value="1.8.0_261"/>
    <property name="user.dir" value="D:\CODE\Java\maven-learning\maven-project\project-240317"/>
    <property name="os.arch" value="amd64"/>
    <property name="java.vm.specification.name" value="Java Virtual Machine Specification"/>
    <property name="java.awt.printerjob" value="sun.awt.windows.WPrinterJob"/>
    <property name="sun.os.patch.level" value=""/>
    <property name="java.library.path" value="E:\Develop\Java\jdk1.8.0_261\jre\bin;C:\WINDOWS\Sun\Java\bin;C:\WINDOWS\system32;C:\WINDOWS;E:\Develop\Java\jdk1.8.0_261\bin;E:\Develop\Java\jdk1.8.0_261\jre\bin;C:\Program Files\Common Files\Oracle\Java\javapath;E:\Develop\Python\Python39\Scripts\;E:\Develop\Python\Python39\;C:\WINDOWS\system32;C:\WINDOWS;C:\WINDOWS\System32\Wbem;C:\WINDOWS\System32\WindowsPowerShell\v1.0\;C:\WINDOWS\System32\OpenSSH\;E:\Develop\Git\cmd;C:\Program Files (x86)\NVIDIA Corporation\PhysX\Common;C:\Program Files\NVIDIA Corporation\NVIDIA NvDLISR;E:\Develop\nodejs\;C:\Program Files\dotnet\;E:\Develop\Java\apache-maven-3.9.6-bin\bin;C:\Users\FFFF\AppData\Local\Microsoft\WindowsApps;E:\Develop\Microsoft VS Code\bin;C:\Users\FFFF\AppData\Roaming\npm;C:\Users\FFFF\AppData\Local\GitHubDesktop\bin;E:\Develop\JetBrains\IntelliJ_IDEA_2023.3.5\bin;;."/>
    <property name="java.vm.info" value="mixed mode"/>
    <property name="java.vendor" value="Oracle Corporation"/>
    <property name="java.vm.version" value="25.261-b12"/>
    <property name="java.ext.dirs" value="E:\Develop\Java\jdk1.8.0_261\jre\lib\ext;C:\WINDOWS\Sun\Java\lib\ext"/>
    <property name="sun.io.unicode.encoding" value="UnicodeLittle"/>
    <property name="java.class.version" value="52.0"/>
  </properties>
  <testcase name="testSpeak" classname="com.zrawberry.DemoTest" time="0.004">
    <system-out><![CDATA[hello zachary
]]></system-out>
  </testcase>
</testsuite>