<?xml version="1.0" encoding="UTF-8"?>
<testsuite xmlns:xsi="http://www.w3.org/2001/XMLSchema-instance" xsi:noNamespaceSchemaLocation="https://maven.apache.org/surefire/maven-surefire-plugin/xsd/surefire-test-report-3.0.xsd" version="3.0" name="com.zrawberry.DemoTest" time="0.054" tests="1" errors="0" skipped="0" failures="0">
  <properties>
    <property name="java.specification.version" value="18"/>
    <property name="sun.cpu.isalist" value="amd64"/>
    <property name="sun.jnu.encoding" value="GBK"/>
    <property name="java.class.path" value="D:\CODE\Java\maven-learning\project-java\target\test-classes;D:\CODE\Java\maven-learning\project-java\target\classes;E:\Develop\Java\MavenPackages\junit\junit\4.12\junit-4.12.jar;E:\Develop\Java\MavenPackages\org\hamcrest\hamcrest-core\1.3\hamcrest-core-1.3.jar;"/>
    <property name="java.vm.vendor" value="Oracle Corporation"/>
    <property name="sun.arch.data.model" value="64"/>
    <property name="user.variant" value=""/>
    <property name="java.vendor.url" value="https://java.oracle.com/"/>
    <property name="user.timezone" value="Asia/Shanghai"/>
    <property name="os.name" value="Windows 11"/>
    <property name="java.vm.specification.version" value="18"/>
    <property name="sun.java.launcher" value="SUN_STANDARD"/>
    <property name="user.country" value="CN"/>
    <property name="sun.boot.library.path" value="E:\Develop\Java\jdk18\bin"/>
    <property name="sun.java.command" value="C:\Users\FFFF\AppData\Local\Temp\surefire12607318461681276790\surefirebooter-20240317181113469_3.jar C:\Users\FFFF\AppData\Local\Temp\surefire12607318461681276790 2024-03-17T18-11-13_377-jvmRun1 surefire-20240317181113469_1tmp surefire_0-20240317181113469_2tmp"/>
    <property name="jdk.debug" value="release"/>
    <property name="surefire.test.class.path" value="D:\CODE\Java\maven-learning\project-java\target\test-classes;D:\CODE\Java\maven-learning\project-java\target\classes;E:\Develop\Java\MavenPackages\junit\junit\4.12\junit-4.12.jar;E:\Develop\Java\MavenPackages\org\hamcrest\hamcrest-core\1.3\hamcrest-core-1.3.jar;"/>
    <property name="sun.cpu.endian" value="little"/>
    <property name="user.home" value="C:\Users\FFFF"/>
    <property name="user.language" value="zh"/>
    <property name="java.specification.vendor" value="Oracle Corporation"/>
    <property name="java.version.date" value="2022-03-22"/>
    <property name="java.home" value="E:\Develop\Java\jdk18"/>
    <property name="file.separator" value="\"/>
    <property name="basedir" value="D:\CODE\Java\maven-learning\project-java"/>
    <property name="java.vm.compressedOopsMode" value="Zero based"/>
    <property name="line.separator" value="&#10;"/>
    <property name="java.vm.specification.vendor" value="Oracle Corporation"/>
    <property name="java.specification.name" value="Java Platform API Specification"/>
    <property name="surefire.real.class.path" value="C:\Users\FFFF\AppData\Local\Temp\surefire12607318461681276790\surefirebooter-20240317181113469_3.jar"/>
    <property name="user.script" value=""/>
    <property name="sun.management.compiler" value="HotSpot 64-Bit Tiered Compilers"/>
    <property name="java.runtime.version" value="18+36-2087"/>
    <property name="user.name" value="FF&amp;FF"/>
    <property name="path.separator" value=";"/>
    <property name="os.version" value="10.0"/>
    <property name="java.runtime.name" value="Java(TM) SE Runtime Environment"/>
    <property name="file.encoding" value="UTF-8"/>
    <property name="java.vm.name" value="Java HotSpot(TM) 64-Bit Server VM"/>
    <property name="localRepository" value="E:\Develop\Java\MavenPackages"/>
    <property name="java.vendor.url.bug" value="https://bugreport.java.com/bugreport/"/>
    <property name="java.io.tmpdir" value="C:\Users\FFFF\AppData\Local\Temp\"/>
    <property name="java.version" value="18"/>
    <property name="user.dir" value="D:\CODE\Java\maven-learning\project-java"/>
    <property name="os.arch" value="amd64"/>
    <property name="java.vm.specification.name" value="Java Virtual Machine Specification"/>
    <property name="sun.os.patch.level" value=""/>
    <property name="native.encoding" value="GBK"/>
    <property name="java.library.path" value="E:\Develop\Java\jdk18\bin;C:\WINDOWS\Sun\Java\bin;C:\WINDOWS\system32;C:\WINDOWS;C:\Program Files\Common Files\Oracle\Java\javapath;E:\Develop\Python\Python39\Scripts\;E:\Develop\Python\Python39\;C:\WINDOWS\system32;C:\WINDOWS;C:\WINDOWS\System32\Wbem;C:\WINDOWS\System32\WindowsPowerShell\v1.0\;C:\WINDOWS\System32\OpenSSH\;E:\Develop\Git\cmd;C:\Program Files (x86)\NVIDIA Corporation\PhysX\Common;C:\Program Files\NVIDIA Corporation\NVIDIA NvDLISR;E:\Develop\nodejs\;C:\Program Files\dotnet\;E:\Develop\Java\apache-maven-3.9.6-bin\bin;C:\Users\FFFF\AppData\Local\Microsoft\WindowsApps;E:\Develop\Microsoft VS Code\bin;C:\Users\FFFF\AppData\Roaming\npm;C:\Users\FFFF\AppData\Local\GitHubDesktop\bin;E:\Develop\JetBrains\IntelliJ_IDEA_2023.3.5\bin;;."/>
    <property name="java.vm.info" value="mixed mode, sharing"/>
    <property name="java.vendor" value="Oracle Corporation"/>
    <property name="java.vm.version" value="18+36-2087"/>
    <property name="sun.io.unicode.encoding" value="UnicodeLittle"/>
    <property name="java.class.version" value="62.0"/>
  </properties>
  <testcase name="testSpeak" classname="com.zrawberry.DemoTest" time="0.006">
    <system-out><![CDATA[hello maven
]]></system-out>
  </testcase>
</testsuite>